{"C:\\Users\\alan_\\Documents\\repo\\node-xamples\\full-api\\server.js": {"path":"C:\\Users\\alan_\\Documents\\repo\\node-xamples\\full-api\\server.js","statementMap":{"0":{"start":{"line":1,"column":0},"end":{"line":1,"column":26}},"1":{"start":{"line":2,"column":16},"end":{"line":2,"column":34}},"2":{"start":{"line":3,"column":15},"end":{"line":3,"column":32}},"3":{"start":{"line":4,"column":21},"end":{"line":4,"column":45}},"4":{"start":{"line":6,"column":19},"end":{"line":6,"column":53}},"5":{"start":{"line":7,"column":15},"end":{"line":7,"column":40}},"6":{"start":{"line":9,"column":13},"end":{"line":9,"column":29}},"7":{"start":{"line":10,"column":12},"end":{"line":10,"column":21}},"8":{"start":{"line":13,"column":0},"end":{"line":13,"column":23}},"9":{"start":{"line":14,"column":0},"end":{"line":14,"column":22}},"10":{"start":{"line":15,"column":0},"end":{"line":15,"column":23}},"11":{"start":{"line":17,"column":0},"end":{"line":17,"column":15}},"12":{"start":{"line":19,"column":0},"end":{"line":19,"column":20}},"13":{"start":{"line":21,"column":15},"end":{"line":21,"column":31}},"14":{"start":{"line":23,"column":0},"end":{"line":23,"column":23}}},"fnMap":{},"branchMap":{},"s":{"0":1,"1":1,"2":1,"3":1,"4":1,"5":1,"6":1,"7":1,"8":1,"9":1,"10":1,"11":1,"12":1,"13":1,"14":1},"f":{},"b":{},"_coverageSchema":"1a1c01bbd47fc00a2c39e90264f33305004495a9","hash":"6e5b311e113dad16b43e2a8c26d5b8710c6a9032"}
,"C:\\Users\\alan_\\Documents\\repo\\node-xamples\\full-api\\controllers\\city\\cities.controller.js": {"path":"C:\\Users\\alan_\\Documents\\repo\\node-xamples\\full-api\\controllers\\city\\cities.controller.js","statementMap":{"0":{"start":{"line":1,"column":15},"end":{"line":1,"column":49}},"1":{"start":{"line":3,"column":0},"end":{"line":50,"column":1}},"2":{"start":{"line":5,"column":8},"end":{"line":5,"column":36}},"3":{"start":{"line":8,"column":19},"end":{"line":8,"column":21}},"4":{"start":{"line":9,"column":25},"end":{"line":9,"column":41}},"5":{"start":{"line":10,"column":25},"end":{"line":10,"column":40}},"6":{"start":{"line":12,"column":8},"end":{"line":16,"column":10}},"7":{"start":{"line":13,"column":12},"end":{"line":15,"column":13}},"8":{"start":{"line":14,"column":16},"end":{"line":14,"column":24}},"9":{"start":{"line":17,"column":8},"end":{"line":21,"column":9}},"10":{"start":{"line":18,"column":12},"end":{"line":18,"column":42}},"11":{"start":{"line":20,"column":12},"end":{"line":20,"column":38}},"12":{"start":{"line":24,"column":8},"end":{"line":24,"column":67}},"13":{"start":{"line":27,"column":8},"end":{"line":27,"column":67}},"14":{"start":{"line":30,"column":8},"end":{"line":30,"column":67}},"15":{"start":{"line":33,"column":19},"end":{"line":33,"column":21}},"16":{"start":{"line":34,"column":25},"end":{"line":34,"column":41}},"17":{"start":{"line":35,"column":25},"end":{"line":35,"column":40}},"18":{"start":{"line":37,"column":8},"end":{"line":41,"column":10}},"19":{"start":{"line":38,"column":12},"end":{"line":40,"column":13}},"20":{"start":{"line":39,"column":16},"end":{"line":39,"column":24}},"21":{"start":{"line":43,"column":8},"end":{"line":47,"column":9}},"22":{"start":{"line":44,"column":12},"end":{"line":44,"column":42}},"23":{"start":{"line":46,"column":12},"end":{"line":46,"column":55}}},"fnMap":{"0":{"name":"(anonymous_0)","decl":{"start":{"line":4,"column":12},"end":{"line":4,"column":13}},"loc":{"start":{"line":4,"column":26},"end":{"line":6,"column":5}},"line":4},"1":{"name":"(anonymous_1)","decl":{"start":{"line":7,"column":15},"end":{"line":7,"column":16}},"loc":{"start":{"line":7,"column":29},"end":{"line":22,"column":5}},"line":7},"2":{"name":"(anonymous_2)","decl":{"start":{"line":12,"column":23},"end":{"line":12,"column":24}},"loc":{"start":{"line":12,"column":28},"end":{"line":16,"column":9}},"line":12},"3":{"name":"(anonymous_3)","decl":{"start":{"line":23,"column":12},"end":{"line":23,"column":13}},"loc":{"start":{"line":23,"column":26},"end":{"line":25,"column":5}},"line":23},"4":{"name":"(anonymous_4)","decl":{"start":{"line":26,"column":12},"end":{"line":26,"column":13}},"loc":{"start":{"line":26,"column":26},"end":{"line":28,"column":5}},"line":26},"5":{"name":"(anonymous_5)","decl":{"start":{"line":29,"column":11},"end":{"line":29,"column":12}},"loc":{"start":{"line":29,"column":25},"end":{"line":31,"column":5}},"line":29},"6":{"name":"(anonymous_6)","decl":{"start":{"line":32,"column":12},"end":{"line":32,"column":13}},"loc":{"start":{"line":32,"column":26},"end":{"line":48,"column":5}},"line":32},"7":{"name":"(anonymous_7)","decl":{"start":{"line":37,"column":23},"end":{"line":37,"column":24}},"loc":{"start":{"line":37,"column":28},"end":{"line":41,"column":9}},"line":37}},"branchMap":{"0":{"loc":{"start":{"line":13,"column":12},"end":{"line":15,"column":13}},"type":"if","locations":[{"start":{"line":13,"column":12},"end":{"line":15,"column":13}},{"start":{"line":13,"column":12},"end":{"line":15,"column":13}}],"line":13},"1":{"loc":{"start":{"line":17,"column":8},"end":{"line":21,"column":9}},"type":"if","locations":[{"start":{"line":17,"column":8},"end":{"line":21,"column":9}},{"start":{"line":17,"column":8},"end":{"line":21,"column":9}}],"line":17},"2":{"loc":{"start":{"line":38,"column":12},"end":{"line":40,"column":13}},"type":"if","locations":[{"start":{"line":38,"column":12},"end":{"line":40,"column":13}},{"start":{"line":38,"column":12},"end":{"line":40,"column":13}}],"line":38},"3":{"loc":{"start":{"line":43,"column":8},"end":{"line":47,"column":9}},"type":"if","locations":[{"start":{"line":43,"column":8},"end":{"line":47,"column":9}},{"start":{"line":43,"column":8},"end":{"line":47,"column":9}}],"line":43}},"s":{"0":1,"1":1,"2":1,"3":1,"4":1,"5":1,"6":1,"7":2493,"8":1,"9":1,"10":0,"11":1,"12":1,"13":1,"14":1,"15":1,"16":1,"17":1,"18":1,"19":2493,"20":1,"21":1,"22":0,"23":1},"f":{"0":1,"1":1,"2":2493,"3":1,"4":1,"5":1,"6":1,"7":2493},"b":{"0":[1,2492],"1":[0,1],"2":[1,2492],"3":[0,1]},"_coverageSchema":"1a1c01bbd47fc00a2c39e90264f33305004495a9","hash":"a432e368ae53fb816cfbc7ab32b709a90ccb184b"}
,"C:\\Users\\alan_\\Documents\\repo\\node-xamples\\full-api\\controllers\\state\\states.controller.js": {"path":"C:\\Users\\alan_\\Documents\\repo\\node-xamples\\full-api\\controllers\\state\\states.controller.js","statementMap":{"0":{"start":{"line":1,"column":15},"end":{"line":1,"column":49}},"1":{"start":{"line":3,"column":0},"end":{"line":50,"column":1}},"2":{"start":{"line":5,"column":8},"end":{"line":5,"column":36}},"3":{"start":{"line":8,"column":20},"end":{"line":8,"column":22}},"4":{"start":{"line":9,"column":25},"end":{"line":9,"column":42}},"5":{"start":{"line":10,"column":26},"end":{"line":10,"column":41}},"6":{"start":{"line":12,"column":8},"end":{"line":16,"column":10}},"7":{"start":{"line":13,"column":12},"end":{"line":15,"column":13}},"8":{"start":{"line":14,"column":16},"end":{"line":14,"column":25}},"9":{"start":{"line":17,"column":8},"end":{"line":21,"column":9}},"10":{"start":{"line":18,"column":12},"end":{"line":18,"column":42}},"11":{"start":{"line":20,"column":12},"end":{"line":20,"column":39}},"12":{"start":{"line":24,"column":8},"end":{"line":24,"column":67}},"13":{"start":{"line":27,"column":8},"end":{"line":27,"column":67}},"14":{"start":{"line":30,"column":8},"end":{"line":30,"column":67}},"15":{"start":{"line":33,"column":20},"end":{"line":33,"column":22}},"16":{"start":{"line":34,"column":25},"end":{"line":34,"column":42}},"17":{"start":{"line":35,"column":26},"end":{"line":35,"column":41}},"18":{"start":{"line":37,"column":8},"end":{"line":41,"column":10}},"19":{"start":{"line":38,"column":12},"end":{"line":40,"column":13}},"20":{"start":{"line":39,"column":16},"end":{"line":39,"column":25}},"21":{"start":{"line":43,"column":8},"end":{"line":47,"column":9}},"22":{"start":{"line":44,"column":12},"end":{"line":44,"column":42}},"23":{"start":{"line":46,"column":12},"end":{"line":46,"column":56}}},"fnMap":{"0":{"name":"(anonymous_0)","decl":{"start":{"line":4,"column":12},"end":{"line":4,"column":13}},"loc":{"start":{"line":4,"column":26},"end":{"line":6,"column":5}},"line":4},"1":{"name":"(anonymous_1)","decl":{"start":{"line":7,"column":15},"end":{"line":7,"column":16}},"loc":{"start":{"line":7,"column":29},"end":{"line":22,"column":5}},"line":7},"2":{"name":"(anonymous_2)","decl":{"start":{"line":12,"column":23},"end":{"line":12,"column":24}},"loc":{"start":{"line":12,"column":28},"end":{"line":16,"column":9}},"line":12},"3":{"name":"(anonymous_3)","decl":{"start":{"line":23,"column":12},"end":{"line":23,"column":13}},"loc":{"start":{"line":23,"column":26},"end":{"line":25,"column":5}},"line":23},"4":{"name":"(anonymous_4)","decl":{"start":{"line":26,"column":12},"end":{"line":26,"column":13}},"loc":{"start":{"line":26,"column":26},"end":{"line":28,"column":5}},"line":26},"5":{"name":"(anonymous_5)","decl":{"start":{"line":29,"column":11},"end":{"line":29,"column":12}},"loc":{"start":{"line":29,"column":25},"end":{"line":31,"column":5}},"line":29},"6":{"name":"(anonymous_6)","decl":{"start":{"line":32,"column":12},"end":{"line":32,"column":13}},"loc":{"start":{"line":32,"column":26},"end":{"line":48,"column":5}},"line":32},"7":{"name":"(anonymous_7)","decl":{"start":{"line":37,"column":23},"end":{"line":37,"column":24}},"loc":{"start":{"line":37,"column":28},"end":{"line":41,"column":9}},"line":37}},"branchMap":{"0":{"loc":{"start":{"line":13,"column":12},"end":{"line":15,"column":13}},"type":"if","locations":[{"start":{"line":13,"column":12},"end":{"line":15,"column":13}},{"start":{"line":13,"column":12},"end":{"line":15,"column":13}}],"line":13},"1":{"loc":{"start":{"line":17,"column":8},"end":{"line":21,"column":9}},"type":"if","locations":[{"start":{"line":17,"column":8},"end":{"line":21,"column":9}},{"start":{"line":17,"column":8},"end":{"line":21,"column":9}}],"line":17},"2":{"loc":{"start":{"line":38,"column":12},"end":{"line":40,"column":13}},"type":"if","locations":[{"start":{"line":38,"column":12},"end":{"line":40,"column":13}},{"start":{"line":38,"column":12},"end":{"line":40,"column":13}}],"line":38},"3":{"loc":{"start":{"line":43,"column":8},"end":{"line":47,"column":9}},"type":"if","locations":[{"start":{"line":43,"column":8},"end":{"line":47,"column":9}},{"start":{"line":43,"column":8},"end":{"line":47,"column":9}}],"line":43}},"s":{"0":1,"1":1,"2":0,"3":0,"4":0,"5":0,"6":0,"7":0,"8":0,"9":0,"10":0,"11":0,"12":0,"13":0,"14":0,"15":0,"16":0,"17":0,"18":0,"19":0,"20":0,"21":0,"22":0,"23":0},"f":{"0":0,"1":0,"2":0,"3":0,"4":0,"5":0,"6":0,"7":0},"b":{"0":[0,0],"1":[0,0],"2":[0,0],"3":[0,0]},"_coverageSchema":"1a1c01bbd47fc00a2c39e90264f33305004495a9","hash":"100ab460d3cb497eed7e0f455194cd4b240d9c8d"}
,"C:\\Users\\alan_\\Documents\\repo\\node-xamples\\full-api\\middleware\\middleware.js": {"path":"C:\\Users\\alan_\\Documents\\repo\\node-xamples\\full-api\\middleware\\middleware.js","statementMap":{"0":{"start":{"line":1,"column":19},"end":{"line":16,"column":1}},"1":{"start":{"line":2,"column":4},"end":{"line":15,"column":6}},"2":{"start":{"line":3,"column":8},"end":{"line":3,"column":32}},"3":{"start":{"line":4,"column":8},"end":{"line":13,"column":9}},"4":{"start":{"line":5,"column":35},"end":{"line":5,"column":53}},"5":{"start":{"line":6,"column":27},"end":{"line":6,"column":46}},"6":{"start":{"line":7,"column":12},"end":{"line":7,"column":47}},"7":{"start":{"line":8,"column":37},"end":{"line":8,"column":56}},"8":{"start":{"line":9,"column":12},"end":{"line":11,"column":13}},"9":{"start":{"line":10,"column":16},"end":{"line":10,"column":54}},"10":{"start":{"line":12,"column":12},"end":{"line":12,"column":33}},"11":{"start":{"line":14,"column":8},"end":{"line":14,"column":14}},"12":{"start":{"line":18,"column":0},"end":{"line":18,"column":27}}},"fnMap":{"0":{"name":"(anonymous_0)","decl":{"start":{"line":1,"column":19},"end":{"line":1,"column":20}},"loc":{"start":{"line":1,"column":28},"end":{"line":16,"column":1}},"line":1},"1":{"name":"(anonymous_1)","decl":{"start":{"line":2,"column":29},"end":{"line":2,"column":30}},"loc":{"start":{"line":2,"column":49},"end":{"line":15,"column":5}},"line":2}},"branchMap":{"0":{"loc":{"start":{"line":4,"column":8},"end":{"line":13,"column":9}},"type":"if","locations":[{"start":{"line":4,"column":8},"end":{"line":13,"column":9}},{"start":{"line":4,"column":8},"end":{"line":13,"column":9}}],"line":4},"1":{"loc":{"start":{"line":9,"column":12},"end":{"line":11,"column":13}},"type":"if","locations":[{"start":{"line":9,"column":12},"end":{"line":11,"column":13}},{"start":{"line":9,"column":12},"end":{"line":11,"column":13}}],"line":9}},"s":{"0":1,"1":1,"2":0,"3":0,"4":0,"5":0,"6":0,"7":0,"8":0,"9":0,"10":0,"11":0,"12":1},"f":{"0":1,"1":0},"b":{"0":[0,0],"1":[0,0]},"_coverageSchema":"1a1c01bbd47fc00a2c39e90264f33305004495a9","hash":"95344a621b6ed16cac82d1c6dd36536e1c4a30db"}
,"C:\\Users\\alan_\\Documents\\repo\\node-xamples\\full-api\\routes\\citiesRouter.js": {"path":"C:\\Users\\alan_\\Documents\\repo\\node-xamples\\full-api\\routes\\citiesRouter.js","statementMap":{"0":{"start":{"line":1,"column":16},"end":{"line":1,"column":34}},"1":{"start":{"line":2,"column":15},"end":{"line":2,"column":31}},"2":{"start":{"line":4,"column":15},"end":{"line":4,"column":63}},"3":{"start":{"line":6,"column":0},"end":{"line":12,"column":43}},"4":{"start":{"line":13,"column":0},"end":{"line":13,"column":23}}},"fnMap":{},"branchMap":{},"s":{"0":1,"1":1,"2":1,"3":1,"4":1},"f":{},"b":{},"_coverageSchema":"1a1c01bbd47fc00a2c39e90264f33305004495a9","hash":"a76b68bce65f97c7f65a49142f915c66f5b8b6ec"}
,"C:\\Users\\alan_\\Documents\\repo\\node-xamples\\full-api\\routes\\index.js": {"path":"C:\\Users\\alan_\\Documents\\repo\\node-xamples\\full-api\\routes\\index.js","statementMap":{"0":{"start":{"line":1,"column":16},"end":{"line":1,"column":34}},"1":{"start":{"line":2,"column":15},"end":{"line":2,"column":31}},"2":{"start":{"line":3,"column":20},"end":{"line":3,"column":45}},"3":{"start":{"line":4,"column":19},"end":{"line":4,"column":44}},"4":{"start":{"line":6,"column":0},"end":{"line":6,"column":33}},"5":{"start":{"line":7,"column":0},"end":{"line":7,"column":31}},"6":{"start":{"line":9,"column":0},"end":{"line":9,"column":23}}},"fnMap":{},"branchMap":{},"s":{"0":1,"1":1,"2":1,"3":1,"4":1,"5":1,"6":1},"f":{},"b":{},"_coverageSchema":"1a1c01bbd47fc00a2c39e90264f33305004495a9","hash":"306d8bd8f3eb761ec11402dd45c27a946f411078"}
,"C:\\Users\\alan_\\Documents\\repo\\node-xamples\\full-api\\routes\\statesRouter.js": {"path":"C:\\Users\\alan_\\Documents\\repo\\node-xamples\\full-api\\routes\\statesRouter.js","statementMap":{"0":{"start":{"line":1,"column":16},"end":{"line":1,"column":34}},"1":{"start":{"line":2,"column":15},"end":{"line":2,"column":31}},"2":{"start":{"line":4,"column":15},"end":{"line":4,"column":64}},"3":{"start":{"line":6,"column":0},"end":{"line":12,"column":43}},"4":{"start":{"line":13,"column":0},"end":{"line":13,"column":23}}},"fnMap":{},"branchMap":{},"s":{"0":1,"1":1,"2":1,"3":1,"4":1},"f":{},"b":{},"_coverageSchema":"1a1c01bbd47fc00a2c39e90264f33305004495a9","hash":"c73328b6163a01a26ed21f149f1c169e6755493d"}
}
